c:\users\sonic\desktop\blm-lite-main\rust-internal-paste-main\x64\debug\vc142.pdb
c:\users\sonic\desktop\blm-lite-main\rust-internal-paste-main\x64\debug\vc142.idb
c:\users\sonic\desktop\blm-lite-main\rust-internal-paste-main\x64\debug\pattern.obj
c:\users\sonic\desktop\blm-lite-main\rust-internal-paste-main\x64\debug\dllmain.obj
c:\users\sonic\desktop\blm-lite-main\rust-internal-paste-main\x64\debug\dxd2.ilk
c:\users\sonic\desktop\blm-lite-main\rust-internal-paste-main\x64\debug\dxd2.dll
c:\users\sonic\desktop\blm-lite-main\rust-internal-paste-main\x64\debug\dxd2.pdb
c:\users\sonic\desktop\11-23-22-tchook-main\rust-internal-paste-main\x64\debug\dllmain.obj
c:\users\sonic\desktop\11-23-22-tchook-main\rust-internal-paste-main\x64\debug\pattern.obj
c:\users\sonic\desktop\11-23-22-tchook-main\rust-internal-paste-main\x64\debug\dxd2.ilk
c:\users\sonic\desktop\11-23-22-tchook-main\rust-internal-paste-main\x64\debug\vc142.idb
c:\users\sonic\desktop\11-23-22-tchook-main\rust-internal-paste-main\x64\debug\dxd2.pdb
c:\users\sonic\desktop\11-23-22-tchook-main\rust-internal-paste-main\x64\debug\vc142.pdb
c:\users\sonic\desktop\11-23-22-tchook-main\rust-internal-paste-main\x64\debug\dxd2.dll
c:\users\sonic\desktop\11-23-22-tchook-main\rust-internal-paste-main\x64\debug\dxd2.tlog\cl.command.1.tlog
c:\users\sonic\desktop\11-23-22-tchook-main\rust-internal-paste-main\x64\debug\dxd2.tlog\cl.read.1.tlog
c:\users\sonic\desktop\11-23-22-tchook-main\rust-internal-paste-main\x64\debug\dxd2.tlog\cl.write.1.tlog
c:\users\sonic\desktop\11-23-22-tchook-main\rust-internal-paste-main\x64\debug\dxd2.tlog\link.command.1.tlog
c:\users\sonic\desktop\11-23-22-tchook-main\rust-internal-paste-main\x64\debug\dxd2.tlog\link.read.1.tlog
c:\users\sonic\desktop\11-23-22-tchook-main\rust-internal-paste-main\x64\debug\dxd2.tlog\link.write.1.tlog
