  dllmain.cpp
C:\Users\sonic\Desktop\11-23-22-tchook-main\rust-internal-paste-main\utils\vector.hpp(91,17): warning C4244: 'return': conversion from 'double' to 'float', possible loss of data
C:\Users\sonic\Desktop\11-23-22-tchook-main\rust-internal-paste-main\utils\vector.hpp(186,17): warning C4244: 'return': conversion from 'double' to 'float', possible loss of data
C:\Users\sonic\Desktop\11-23-22-tchook-main\rust-internal-paste-main\utils\vector.hpp(198,17): warning C4244: 'return': conversion from 'double' to 'float', possible loss of data
C:\Users\sonic\Desktop\11-23-22-tchook-main\rust-internal-paste-main\utils\vector.hpp(203,17): warning C4244: 'return': conversion from 'double' to 'float', possible loss of data
C:\Users\sonic\Desktop\11-23-22-tchook-main\rust-internal-paste-main\utils\vector.hpp(225,17): warning C4244: 'return': conversion from 'double' to 'float', possible loss of data
C:\Users\sonic\Desktop\11-23-22-tchook-main\rust-internal-paste-main\utils\vector.hpp(234,17): warning C4244: 'return': conversion from 'double' to 'float', possible loss of data
C:\Users\sonic\Desktop\11-23-22-tchook-main\rust-internal-paste-main\utils\vector.hpp(599,16): warning C4244: 'return': conversion from 'double' to 'float', possible loss of data
C:\Users\sonic\Desktop\11-23-22-tchook-main\rust-internal-paste-main\utils\vector.hpp(610,16): warning C4244: 'return': conversion from 'double' to 'float', possible loss of data
C:\Users\sonic\Desktop\11-23-22-tchook-main\rust-internal-paste-main\utils\vector.hpp(616,17): warning C4002: too many arguments for function-like macro invocation 'powFFFFFFFFFFFFFFFFFFFFFF'
C:\Users\sonic\Desktop\11-23-22-tchook-main\rust-internal-paste-main\utils\vector.hpp(616,65): warning C4002: too many arguments for function-like macro invocation 'powFFFFFFFFFFFFFFFFFFFFFF'
C:\Users\sonic\Desktop\11-23-22-tchook-main\rust-internal-paste-main\utils\vector.hpp(616,113): warning C4002: too many arguments for function-like macro invocation 'powFFFFFFFFFFFFFFFFFFFFFF'
C:\Users\sonic\Desktop\11-23-22-tchook-main\rust-internal-paste-main\utils\vector.hpp(616,16): warning C4244: 'return': conversion from 'double' to 'float', possible loss of data
C:\Users\sonic\Desktop\11-23-22-tchook-main\rust-internal-paste-main\utils\vector.hpp(714,20): warning C4244: '=': conversion from 'double' to 'float', possible loss of data
C:\Users\sonic\Desktop\11-23-22-tchook-main\rust-internal-paste-main\utils\vector.hpp(720,21): warning C4244: '=': conversion from 'double' to 'float', possible loss of data
C:\Users\sonic\Desktop\11-23-22-tchook-main\rust-internal-paste-main\utils\vector.hpp(726,21): warning C4244: '=': conversion from 'double' to 'float', possible loss of data
C:\Users\sonic\Desktop\11-23-22-tchook-main\rust-internal-paste-main\utils\vector.hpp(727,20): warning C4244: '=': conversion from 'double' to 'float', possible loss of data
C:\Users\sonic\Desktop\11-23-22-tchook-main\rust-internal-paste-main\utils\vector.hpp(728,21): warning C4244: '=': conversion from 'double' to 'float', possible loss of data
C:\Users\sonic\Desktop\11-23-22-tchook-main\rust-internal-paste-main\rust\classes.hpp(1190,16): warning C4244: 'return': conversion from 'double' to 'float', possible loss of data
C:\Users\sonic\Desktop\11-23-22-tchook-main\rust-internal-paste-main\rust\classes.hpp(1714,118): warning C4305: 'argument': truncation from 'double' to 'float'
C:\Users\sonic\Desktop\11-23-22-tchook-main\rust-internal-paste-main\rust\features\esp.hpp(193,43): warning C4244: '=': conversion from 'int' to 'float', possible loss of data
C:\Users\sonic\Desktop\11-23-22-tchook-main\rust-internal-paste-main\rust\features\esp.hpp(194,44): warning C4244: '=': conversion from 'int' to 'float', possible loss of data
C:\Users\sonic\Desktop\11-23-22-tchook-main\rust-internal-paste-main\rust\features\esp.hpp(197,26): warning C4244: 'initializing': conversion from 'double' to 'float', possible loss of data
C:\Users\sonic\Desktop\11-23-22-tchook-main\rust-internal-paste-main\rust\features\esp.hpp(232,43): warning C4244: '=': conversion from 'int' to 'float', possible loss of data
C:\Users\sonic\Desktop\11-23-22-tchook-main\rust-internal-paste-main\rust\features\esp.hpp(233,44): warning C4244: '=': conversion from 'int' to 'float', possible loss of data
C:\Users\sonic\Desktop\11-23-22-tchook-main\rust-internal-paste-main\rust\features\esp.hpp(236,26): warning C4244: 'initializing': conversion from 'double' to 'float', possible loss of data
C:\Users\sonic\Desktop\11-23-22-tchook-main\rust-internal-paste-main\rust\features\esp.hpp(272,43): warning C4244: '=': conversion from 'int' to 'float', possible loss of data
C:\Users\sonic\Desktop\11-23-22-tchook-main\rust-internal-paste-main\rust\features\esp.hpp(273,44): warning C4244: '=': conversion from 'int' to 'float', possible loss of data
C:\Users\sonic\Desktop\11-23-22-tchook-main\rust-internal-paste-main\rust\features\esp.hpp(276,26): warning C4244: 'initializing': conversion from 'double' to 'float', possible loss of data
C:\Users\sonic\Desktop\11-23-22-tchook-main\rust-internal-paste-main\gui\OnGUI.hpp(1560,38): warning C4244: 'argument': conversion from 'double' to 'int', possible loss of data
C:\Users\sonic\Desktop\11-23-22-tchook-main\rust-internal-paste-main\gui\OnGUI.hpp(1567,32): warning C4244: 'argument': conversion from 'float' to 'int', possible loss of data
C:\Users\sonic\Desktop\11-23-22-tchook-main\rust-internal-paste-main\gui\OnGUI.hpp(1623,32): warning C4244: 'argument': conversion from 'float' to 'int', possible loss of data
C:\Users\sonic\Desktop\11-23-22-tchook-main\rust-internal-paste-main\gui\OnGUI.hpp(1627,33): warning C4244: 'argument': conversion from 'float' to 'int', possible loss of data
C:\Users\sonic\Desktop\11-23-22-tchook-main\rust-internal-paste-main\gui\OnGUI.hpp(1693,32): warning C4244: 'argument': conversion from 'float' to 'int', possible loss of data
C:\Users\sonic\Desktop\11-23-22-tchook-main\rust-internal-paste-main\gui\OnGUI.hpp(1706,32): warning C4244: 'argument': conversion from 'float' to 'int', possible loss of data
C:\Users\sonic\Desktop\11-23-22-tchook-main\rust-internal-paste-main\gui\OnGUI.hpp(1723,23): warning C4244: 'argument': conversion from 'double' to 'int', possible loss of data
C:\Users\sonic\Desktop\11-23-22-tchook-main\rust-internal-paste-main\gui\OnGUI.hpp(1726,84): warning C4244: 'argument': conversion from 'double' to 'float', possible loss of data
C:\Users\sonic\Desktop\11-23-22-tchook-main\rust-internal-paste-main\gui\OnGUI.hpp(1726,52): warning C4244: 'argument': conversion from 'double' to 'float', possible loss of data
C:\Users\sonic\Desktop\11-23-22-tchook-main\rust-internal-paste-main\gui\OnGUI.hpp(1727,100): warning C4244: 'argument': conversion from 'double' to 'float', possible loss of data
C:\Users\sonic\Desktop\11-23-22-tchook-main\rust-internal-paste-main\gui\OnGUI.hpp(1727,60): warning C4244: 'argument': conversion from 'double' to 'float', possible loss of data
C:\Users\sonic\Desktop\11-23-22-tchook-main\rust-internal-paste-main\gui\OnGUI.hpp(1853,4): warning C4996: 'itoa': The POSIX name for this item is deprecated. Instead, use the ISO C and C++ conformant name: _itoa. See online help for details.
C:\Users\sonic\Desktop\11-23-22-tchook-main\rust-internal-paste-main\gui\OnGUI.hpp(2067,30): warning C4018: '<': signed/unsigned mismatch
C:\Users\sonic\Desktop\11-23-22-tchook-main\rust-internal-paste-main\gui\OnGUI.hpp(2069,22): warning C4244: 'argument': conversion from 'unsigned int' to 'float', possible loss of data
C:\Users\sonic\Desktop\11-23-22-tchook-main\rust-internal-paste-main\gui\OnGUI.hpp(2084,14): warning C4076: 'unsigned': cannot be used with type 'float'
C:\Users\sonic\Desktop\11-23-22-tchook-main\rust-internal-paste-main\gui\OnGUI.hpp(2090,41): warning C4244: '=': conversion from 'float' to 'int', possible loss of data
C:\Users\sonic\Desktop\11-23-22-tchook-main\rust-internal-paste-main\gui\OnGUI.hpp(2094,41): warning C4244: '=': conversion from 'float' to 'int', possible loss of data
C:\Users\sonic\Desktop\11-23-22-tchook-main\rust-internal-paste-main\gui\OnGUI.hpp(2098,13): warning C4076: 'unsigned': cannot be used with type 'float'
C:\Users\sonic\Desktop\11-23-22-tchook-main\rust-internal-paste-main\gui\OnGUI.hpp(2106,15): warning C4076: 'unsigned': cannot be used with type 'float'
C:\Users\sonic\Desktop\11-23-22-tchook-main\rust-internal-paste-main\gui\OnGUI.hpp(2108,49): warning C4244: 'argument': conversion from 'unsigned int' to 'float', possible loss of data
C:\Users\sonic\Desktop\11-23-22-tchook-main\rust-internal-paste-main\gui\OnGUI.hpp(2113,55): warning C4244: 'argument': conversion from 'int' to 'float', possible loss of data
C:\Users\sonic\Desktop\11-23-22-tchook-main\rust-internal-paste-main\gui\OnGUI.hpp(2119,4): warning C4996: 'itoa': The POSIX name for this item is deprecated. Instead, use the ISO C and C++ conformant name: _itoa. See online help for details.
C:\Users\sonic\Desktop\11-23-22-tchook-main\rust-internal-paste-main\gui\OnGUI.hpp(2179,68): warning C4244: 'argument': conversion from 'int' to 'float', possible loss of data
C:\Users\sonic\Desktop\11-23-22-tchook-main\rust-internal-paste-main\gui\OnGUI.hpp(2180,57): warning C4244: 'argument': conversion from 'int' to 'float', possible loss of data
C:\Users\sonic\Desktop\11-23-22-tchook-main\rust-internal-paste-main\gui\OnGUI.hpp(2255,11): warning C4244: '=': conversion from 'int' to 'float', possible loss of data
C:\Users\sonic\Desktop\11-23-22-tchook-main\rust-internal-paste-main\gui\OnGUI.hpp(2260,15): warning C4244: '=': conversion from 'int' to 'float', possible loss of data
C:\Users\sonic\Desktop\11-23-22-tchook-main\rust-internal-paste-main\gui\OnGUI.hpp(2268,14): warning C4244: '=': conversion from 'int' to 'float', possible loss of data
C:\Users\sonic\Desktop\11-23-22-tchook-main\rust-internal-paste-main\gui\OnGUI.hpp(2273,15): warning C4244: '=': conversion from 'int' to 'float', possible loss of data
C:\Users\sonic\Desktop\11-23-22-tchook-main\rust-internal-paste-main\gui\OnGUI.hpp(2278,14): warning C4244: '=': conversion from 'int' to 'float', possible loss of data
C:\Users\sonic\Desktop\11-23-22-tchook-main\rust-internal-paste-main\gui\OnGUI.hpp(2286,15): warning C4244: '=': conversion from 'int' to 'float', possible loss of data
C:\Users\sonic\Desktop\11-23-22-tchook-main\rust-internal-paste-main\gui\OnGUI.hpp(2288,54): warning C4244: 'argument': conversion from 'double' to 'float', possible loss of data
C:\Users\sonic\Desktop\11-23-22-tchook-main\rust-internal-paste-main\gui\OnGUI.hpp(2338,16): warning C4244: 'initializing': conversion from 'double' to 'float', possible loss of data
C:\Users\sonic\Desktop\11-23-22-tchook-main\rust-internal-paste-main\gui\OnGUI.hpp(2339,110): warning C4305: 'argument': truncation from 'double' to 'float'
C:\Users\sonic\Desktop\11-23-22-tchook-main\rust-internal-paste-main\gui\OnGUI.hpp(2347,12): warning C4244: '=': conversion from 'double' to 'float', possible loss of data
C:\Users\sonic\Desktop\11-23-22-tchook-main\rust-internal-paste-main\gui\OnGUI.hpp(2357,16): warning C4244: 'initializing': conversion from 'double' to 'float', possible loss of data
C:\Users\sonic\Desktop\11-23-22-tchook-main\rust-internal-paste-main\gui\OnGUI.hpp(2359,88): warning C4305: 'argument': truncation from 'double' to 'float'
C:\Users\sonic\Desktop\11-23-22-tchook-main\rust-internal-paste-main\gui\OnGUI.hpp(2415,12): warning C4244: 'initializing': conversion from 'int' to 'float', possible loss of data
C:\Users\sonic\Desktop\11-23-22-tchook-main\rust-internal-paste-main\gui\OnGUI.hpp(2415,41): warning C4244: 'initializing': conversion from 'int' to 'float', possible loss of data
C:\Users\sonic\Desktop\11-23-22-tchook-main\rust-internal-paste-main\gui\OnGUI.hpp(2463,46): warning C4244: 'argument': conversion from 'double' to 'float', possible loss of data
C:\Users\sonic\Desktop\11-23-22-tchook-main\rust-internal-paste-main\gui\OnGUI.hpp(2466,46): warning C4244: 'argument': conversion from 'double' to 'float', possible loss of data
C:\Users\sonic\Desktop\11-23-22-tchook-main\rust-internal-paste-main\gui\OnGUI.hpp(2499,23): warning C4244: 'argument': conversion from 'double' to 'float', possible loss of data
C:\Users\sonic\Desktop\11-23-22-tchook-main\rust-internal-paste-main\gui\OnGUI.hpp(2555,23): warning C4244: 'argument': conversion from 'double' to 'float', possible loss of data
C:\Users\sonic\Desktop\11-23-22-tchook-main\rust-internal-paste-main\gui\OnGUI.hpp(2580,73): warning C4244: 'argument': conversion from 'int' to 'float', possible loss of data
C:\Users\sonic\Desktop\11-23-22-tchook-main\rust-internal-paste-main\gui\OnGUI.hpp(2580,48): warning C4244: 'argument': conversion from 'int' to 'float', possible loss of data
C:\Users\sonic\Desktop\11-23-22-tchook-main\rust-internal-paste-main\gui\OnGUI.hpp(2720,24): warning C4018: '<': signed/unsigned mismatch
C:\Users\sonic\Desktop\11-23-22-tchook-main\rust-internal-paste-main\gui\OnGUI.hpp(2753,17): warning C4244: 'initializing': conversion from 'int' to 'float', possible loss of data
C:\Users\sonic\Desktop\11-23-22-tchook-main\rust-internal-paste-main\gui\OnGUI.hpp(2754,18): warning C4244: 'initializing': conversion from 'int' to 'float', possible loss of data
C:\Users\sonic\Desktop\11-23-22-tchook-main\rust-internal-paste-main\gui\OnGUI.hpp(2757,18): warning C4305: '+=': truncation from 'double' to 'float'
C:\Users\sonic\Desktop\11-23-22-tchook-main\rust-internal-paste-main\gui\OnGUI.hpp(2784,18): warning C4244: 'initializing': conversion from 'int' to 'float', possible loss of data
C:\Users\sonic\Desktop\11-23-22-tchook-main\rust-internal-paste-main\gui\OnGUI.hpp(2785,19): warning C4244: 'initializing': conversion from 'int' to 'float', possible loss of data
C:\Users\sonic\Desktop\11-23-22-tchook-main\rust-internal-paste-main\gui\OnGUI.hpp(2826,18): warning C4305: '+=': truncation from 'double' to 'float'
C:\Users\sonic\Desktop\11-23-22-tchook-main\rust-internal-paste-main\gui\OnGUI.hpp(2849,18): warning C4305: '+=': truncation from 'double' to 'float'
C:\Users\sonic\Desktop\11-23-22-tchook-main\rust-internal-paste-main\gui\OnGUI.hpp(2879,18): warning C4305: '+=': truncation from 'double' to 'float'
C:\Users\sonic\Desktop\11-23-22-tchook-main\rust-internal-paste-main\gui\OnGUI.hpp(2969,18): warning C4305: '+=': truncation from 'double' to 'float'
C:\Users\sonic\Desktop\11-23-22-tchook-main\rust-internal-paste-main\gui\OnGUI.hpp(3012,22): warning C4244: '=': conversion from 'double' to 'float', possible loss of data
C:\Users\sonic\Desktop\11-23-22-tchook-main\rust-internal-paste-main\gui\OnGUI.hpp(3017,26): warning C4244: '=': conversion from 'double' to 'float', possible loss of data
C:\Users\sonic\Desktop\11-23-22-tchook-main\rust-internal-paste-main\gui\OnGUI.hpp(3018,26): warning C4244: '=': conversion from 'double' to 'float', possible loss of data
C:\Users\sonic\Desktop\11-23-22-tchook-main\rust-internal-paste-main\gui\OnGUI.hpp(3021,34): warning C4244: '=': conversion from 'double' to 'float', possible loss of data
C:\Users\sonic\Desktop\11-23-22-tchook-main\rust-internal-paste-main\gui\OnGUI.hpp(3022,34): warning C4244: '=': conversion from 'double' to 'float', possible loss of data
C:\Users\sonic\Desktop\11-23-22-tchook-main\rust-internal-paste-main\gui\OnGUI.hpp(3026,32): warning C4244: '=': conversion from 'double' to 'float', possible loss of data
C:\Users\sonic\Desktop\11-23-22-tchook-main\rust-internal-paste-main\gui\OnGUI.hpp(3027,32): warning C4244: '=': conversion from 'double' to 'float', possible loss of data
C:\Users\sonic\Desktop\11-23-22-tchook-main\rust-internal-paste-main\gui\OnGUI.hpp(3030,28): warning C4244: '=': conversion from 'double' to 'float', possible loss of data
C:\Users\sonic\Desktop\11-23-22-tchook-main\rust-internal-paste-main\gui\OnGUI.hpp(3031,28): warning C4244: '=': conversion from 'double' to 'float', possible loss of data
C:\Users\sonic\Desktop\11-23-22-tchook-main\rust-internal-paste-main\gui\OnGUI.hpp(3034,18): warning C4244: '=': conversion from 'double' to 'float', possible loss of data
C:\Users\sonic\Desktop\11-23-22-tchook-main\rust-internal-paste-main\gui\OnGUI.hpp(3064,26): warning C4244: '=': conversion from 'double' to 'float', possible loss of data
C:\Users\sonic\Desktop\11-23-22-tchook-main\rust-internal-paste-main\gui\OnGUI.hpp(3065,26): warning C4244: '=': conversion from 'double' to 'float', possible loss of data
C:\Users\sonic\Desktop\11-23-22-tchook-main\rust-internal-paste-main\gui\OnGUI.hpp(3068,34): warning C4244: '=': conversion from 'double' to 'float', possible loss of data
C:\Users\sonic\Desktop\11-23-22-tchook-main\rust-internal-paste-main\gui\OnGUI.hpp(3069,34): warning C4244: '=': conversion from 'double' to 'float', possible loss of data
C:\Users\sonic\Desktop\11-23-22-tchook-main\rust-internal-paste-main\gui\OnGUI.hpp(3073,32): warning C4244: '=': conversion from 'double' to 'float', possible loss of data
C:\Users\sonic\Desktop\11-23-22-tchook-main\rust-internal-paste-main\gui\OnGUI.hpp(3074,32): warning C4244: '=': conversion from 'double' to 'float', possible loss of data
C:\Users\sonic\Desktop\11-23-22-tchook-main\rust-internal-paste-main\gui\OnGUI.hpp(3077,28): warning C4244: '=': conversion from 'double' to 'float', possible loss of data
C:\Users\sonic\Desktop\11-23-22-tchook-main\rust-internal-paste-main\gui\OnGUI.hpp(3078,28): warning C4244: '=': conversion from 'double' to 'float', possible loss of data
C:\Users\sonic\Desktop\11-23-22-tchook-main\rust-internal-paste-main\gui\OnGUI.hpp(3087,22): warning C4244: '=': conversion from 'double' to 'float', possible loss of data
C:\Users\sonic\Desktop\11-23-22-tchook-main\rust-internal-paste-main\gui\OnGUI.hpp(3091,28): warning C4244: '=': conversion from 'double' to 'float', possible loss of data
C:\Users\sonic\Desktop\11-23-22-tchook-main\rust-internal-paste-main\gui\OnGUI.hpp(3092,28): warning C4244: '=': conversion from 'double' to 'float', possible loss of data
C:\Users\sonic\Desktop\11-23-22-tchook-main\rust-internal-paste-main\gui\OnGUI.hpp(3095,36): warning C4244: '=': conversion from 'double' to 'float', possible loss of data
C:\Users\sonic\Desktop\11-23-22-tchook-main\rust-internal-paste-main\gui\OnGUI.hpp(3096,36): warning C4244: '=': conversion from 'double' to 'float', possible loss of data
C:\Users\sonic\Desktop\11-23-22-tchook-main\rust-internal-paste-main\gui\OnGUI.hpp(3100,34): warning C4244: '=': conversion from 'double' to 'float', possible loss of data
C:\Users\sonic\Desktop\11-23-22-tchook-main\rust-internal-paste-main\gui\OnGUI.hpp(3101,34): warning C4244: '=': conversion from 'double' to 'float', possible loss of data
C:\Users\sonic\Desktop\11-23-22-tchook-main\rust-internal-paste-main\gui\OnGUI.hpp(3104,30): warning C4244: '=': conversion from 'double' to 'float', possible loss of data
C:\Users\sonic\Desktop\11-23-22-tchook-main\rust-internal-paste-main\gui\OnGUI.hpp(3105,30): warning C4244: '=': conversion from 'double' to 'float', possible loss of data
C:\Users\sonic\Desktop\11-23-22-tchook-main\rust-internal-paste-main\aim.hpp(168,112): warning C4305: 'argument': truncation from 'double' to 'float'
C:\Users\sonic\Desktop\11-23-22-tchook-main\rust-internal-paste-main\aim.hpp(411,32): warning C4305: 'argument': truncation from 'double' to 'float'
C:\Users\sonic\Desktop\11-23-22-tchook-main\rust-internal-paste-main\aim.hpp(419,26): warning C4244: 'initializing': conversion from 'double' to 'float', possible loss of data
C:\Users\sonic\Desktop\11-23-22-tchook-main\rust-internal-paste-main\aim.hpp(420,24): warning C4244: 'initializing': conversion from 'double' to 'float', possible loss of data
C:\Users\sonic\Desktop\11-23-22-tchook-main\rust-internal-paste-main\aim.hpp(426,40): warning C4244: 'argument': conversion from 'int' to 'float', possible loss of data
C:\Users\sonic\Desktop\11-23-22-tchook-main\rust-internal-paste-main\aim.hpp(426,11): warning C4244: 'initializing': conversion from 'double' to 'float', possible loss of data
C:\Users\sonic\Desktop\11-23-22-tchook-main\rust-internal-paste-main\aim.hpp(427,40): warning C4244: 'argument': conversion from 'int' to 'float', possible loss of data
C:\Users\sonic\Desktop\11-23-22-tchook-main\rust-internal-paste-main\aim.hpp(427,11): warning C4244: 'initializing': conversion from 'double' to 'float', possible loss of data
C:\Users\sonic\Desktop\11-23-22-tchook-main\rust-internal-paste-main\aim.hpp(432,101): warning C4305: 'argument': truncation from 'double' to 'float'
C:\Users\sonic\Desktop\11-23-22-tchook-main\rust-internal-paste-main\hooks.hpp(144,22): warning C4018: '<': signed/unsigned mismatch
C:\Users\sonic\Desktop\11-23-22-tchook-main\rust-internal-paste-main\hooks.hpp(162,20): warning C4305: 'initializing': truncation from 'double' to 'float'
C:\Users\sonic\Desktop\11-23-22-tchook-main\rust-internal-paste-main\hooks.hpp(214,21): warning C4305: 'initializing': truncation from 'double' to 'float'
C:\Users\sonic\Desktop\11-23-22-tchook-main\rust-internal-paste-main\hooks.hpp(289,18): warning C4244: 'initializing': conversion from 'int' to 'float', possible loss of data
C:\Users\sonic\Desktop\11-23-22-tchook-main\rust-internal-paste-main\hooks.hpp(296,49): warning C4305: 'argument': truncation from 'double' to 'float'
C:\Users\sonic\Desktop\11-23-22-tchook-main\rust-internal-paste-main\hooks.hpp(320,20): warning C4244: 'initializing': conversion from 'float' to 'int', possible loss of data
C:\Users\sonic\Desktop\11-23-22-tchook-main\rust-internal-paste-main\hooks.hpp(330,37): warning C4018: '<': signed/unsigned mismatch
  pattern.cpp
C:\Users\sonic\Desktop\11-23-22-tchook-main\rust-internal-paste-main\utils\pattern\pattern.cpp(76,16): warning C4244: 'return': conversion from 'uintptr_t' to 'uint32_t', possible loss of data
C:\Users\sonic\Desktop\11-23-22-tchook-main\rust-internal-paste-main\utils\pattern\pattern.cpp(86,16): warning C4244: 'return': conversion from 'uintptr_t' to 'uint32_t', possible loss of data
  Generating Code...
C:\Users\sonic\Desktop\11-23-22-tchook-main\rust-internal-paste-main\rust\classes.hpp(2629): warning C4715: 'getKeyReturnNum': not all control paths return a value
C:\Users\sonic\Desktop\11-23-22-tchook-main\rust-internal-paste-main\memory\il2cpp.hpp(254): warning C4715: 'mem::hook_virtual_function': not all control paths return a value
C:\Users\sonic\Desktop\11-23-22-tchook-main\rust-internal-paste-main\aim.hpp(348): warning C4715: 'simulateProjHit': not all control paths return a value
  Rust-Internal-Recode.vcxproj -> C:\Users\sonic\Desktop\11-23-22-tchook-main\rust-internal-paste-main\x64\Debug\DxD2.dll
